<?xml version="1.0" encoding="UTF-8"?>
<testsuite xmlns:xsi="http://www.w3.org/2001/XMLSchema-instance" xsi:noNamespaceSchemaLocation="https://maven.apache.org/surefire/maven-surefire-plugin/xsd/surefire-test-report.xsd" name="autotest.automate.BaseTest" time="5.468" tests="0" errors="0" skipped="0" failures="0">
  <properties>
    <property name="java.specification.version" value="15"/>
    <property name="sun.jnu.encoding" value="UTF-8"/>
    <property name="java.class.path" value="/Users/muken/eclipse-workspace/hivency_autotest/target/test-classes:/Users/muken/eclipse-workspace/hivency_autotest/target/classes:/Users/muken/.m2/repository/org/seleniumhq/selenium/selenium-java/4.0.0-alpha-7/selenium-java-4.0.0-alpha-7.jar:/Users/muken/.m2/repository/org/seleniumhq/selenium/selenium-api/4.0.0-alpha-7/selenium-api-4.0.0-alpha-7.jar:/Users/muken/.m2/repository/org/seleniumhq/selenium/selenium-devtools-v84/4.0.0-alpha-7/selenium-devtools-v84-4.0.0-alpha-7.jar:/Users/muken/.m2/repository/org/seleniumhq/selenium/selenium-devtools-v85/4.0.0-alpha-7/selenium-devtools-v85-4.0.0-alpha-7.jar:/Users/muken/.m2/repository/org/seleniumhq/selenium/selenium-devtools-v86/4.0.0-alpha-7/selenium-devtools-v86-4.0.0-alpha-7.jar:/Users/muken/.m2/repository/org/seleniumhq/selenium/selenium-devtools-v87/4.0.0-alpha-7/selenium-devtools-v87-4.0.0-alpha-7.jar:/Users/muken/.m2/repository/org/seleniumhq/selenium/selenium-edge-driver/4.0.0-alpha-7/selenium-edge-driver-4.0.0-alpha-7.jar:/Users/muken/.m2/repository/org/seleniumhq/selenium/selenium-edgehtml-driver/4.0.0-alpha-7/selenium-edgehtml-driver-4.0.0-alpha-7.jar:/Users/muken/.m2/repository/org/seleniumhq/selenium/selenium-firefox-driver/4.0.0-alpha-7/selenium-firefox-driver-4.0.0-alpha-7.jar:/Users/muken/.m2/repository/org/seleniumhq/selenium/selenium-firefox-xpi-driver/4.0.0-alpha-7/selenium-firefox-xpi-driver-4.0.0-alpha-7.jar:/Users/muken/.m2/repository/org/seleniumhq/selenium/selenium-ie-driver/4.0.0-alpha-7/selenium-ie-driver-4.0.0-alpha-7.jar:/Users/muken/.m2/repository/org/seleniumhq/selenium/selenium-opera-driver/4.0.0-alpha-7/selenium-opera-driver-4.0.0-alpha-7.jar:/Users/muken/.m2/repository/org/seleniumhq/selenium/selenium-safari-driver/4.0.0-alpha-7/selenium-safari-driver-4.0.0-alpha-7.jar:/Users/muken/.m2/repository/org/seleniumhq/selenium/selenium-support/4.0.0-alpha-7/selenium-support-4.0.0-alpha-7.jar:/Users/muken/.m2/repository/org/seleniumhq/selenium/selenium-remote-driver/4.0.0-alpha-7/selenium-remote-driver-4.0.0-alpha-7.jar:/Users/muken/.m2/repository/com/google/auto/service/auto-service-annotations/1.0-rc7/auto-service-annotations-1.0-rc7.jar:/Users/muken/.m2/repository/com/google/auto/service/auto-service/1.0-rc7/auto-service-1.0-rc7.jar:/Users/muken/.m2/repository/com/google/auto/auto-common/0.10/auto-common-0.10.jar:/Users/muken/.m2/repository/com/google/guava/guava/30.0-jre/guava-30.0-jre.jar:/Users/muken/.m2/repository/com/google/guava/failureaccess/1.0.1/failureaccess-1.0.1.jar:/Users/muken/.m2/repository/com/google/guava/listenablefuture/9999.0-empty-to-avoid-conflict-with-guava/listenablefuture-9999.0-empty-to-avoid-conflict-with-guava.jar:/Users/muken/.m2/repository/com/google/code/findbugs/jsr305/3.0.2/jsr305-3.0.2.jar:/Users/muken/.m2/repository/org/checkerframework/checker-qual/3.5.0/checker-qual-3.5.0.jar:/Users/muken/.m2/repository/com/google/errorprone/error_prone_annotations/2.3.4/error_prone_annotations-2.3.4.jar:/Users/muken/.m2/repository/com/google/j2objc/j2objc-annotations/1.3/j2objc-annotations-1.3.jar:/Users/muken/.m2/repository/com/typesafe/netty/netty-reactive-streams/2.0.4/netty-reactive-streams-2.0.4.jar:/Users/muken/.m2/repository/io/netty/netty-handler/4.1.43.Final/netty-handler-4.1.43.Final.jar:/Users/muken/.m2/repository/org/reactivestreams/reactive-streams/1.0.3/reactive-streams-1.0.3.jar:/Users/muken/.m2/repository/io/grpc/grpc-context/1.32.1/grpc-context-1.32.1.jar:/Users/muken/.m2/repository/io/netty/netty-buffer/4.1.53.Final/netty-buffer-4.1.53.Final.jar:/Users/muken/.m2/repository/io/netty/netty-codec-http/4.1.53.Final/netty-codec-http-4.1.53.Final.jar:/Users/muken/.m2/repository/io/netty/netty-codec/4.1.53.Final/netty-codec-4.1.53.Final.jar:/Users/muken/.m2/repository/io/netty/netty-common/4.1.53.Final/netty-common-4.1.53.Final.jar:/Users/muken/.m2/repository/io/netty/netty-transport-native-epoll/4.1.53.Final/netty-transport-native-epoll-4.1.53.Final.jar:/Users/muken/.m2/repository/io/netty/netty-transport-native-epoll/4.1.53.Final/netty-transport-native-epoll-4.1.53.Final-linux-x86_64.jar:/Users/muken/.m2/repository/io/netty/netty-transport-native-kqueue/4.1.53.Final/netty-transport-native-kqueue-4.1.53.Final.jar:/Users/muken/.m2/repository/io/netty/netty-transport-native-kqueue/4.1.53.Final/netty-transport-native-kqueue-4.1.53.Final-osx-x86_64.jar:/Users/muken/.m2/repository/io/netty/netty-transport-native-unix-common/4.1.53.Final/netty-transport-native-unix-common-4.1.53.Final.jar:/Users/muken/.m2/repository/io/netty/netty-transport/4.1.53.Final/netty-transport-4.1.53.Final.jar:/Users/muken/.m2/repository/io/netty/netty-resolver/4.1.53.Final/netty-resolver-4.1.53.Final.jar:/Users/muken/.m2/repository/io/opentelemetry/opentelemetry-api/0.9.1/opentelemetry-api-0.9.1.jar:/Users/muken/.m2/repository/io/opentelemetry/opentelemetry-context-prop/0.9.1/opentelemetry-context-prop-0.9.1.jar:/Users/muken/.m2/repository/io/opentelemetry/opentelemetry-sdk/0.9.1/opentelemetry-sdk-0.9.1.jar:/Users/muken/.m2/repository/io/opentelemetry/opentelemetry-sdk-common/0.9.1/opentelemetry-sdk-common-0.9.1.jar:/Users/muken/.m2/repository/io/opentelemetry/opentelemetry-sdk-baggage/0.9.1/opentelemetry-sdk-baggage-0.9.1.jar:/Users/muken/.m2/repository/io/opentelemetry/opentelemetry-sdk-metrics/0.9.1/opentelemetry-sdk-metrics-0.9.1.jar:/Users/muken/.m2/repository/io/opentelemetry/opentelemetry-sdk-tracing/0.9.1/opentelemetry-sdk-tracing-0.9.1.jar:/Users/muken/.m2/repository/io/projectreactor/netty/reactor-netty-http/1.0.0/reactor-netty-http-1.0.0.jar:/Users/muken/.m2/repository/io/netty/netty-codec-http2/4.1.53.Final/netty-codec-http2-4.1.53.Final.jar:/Users/muken/.m2/repository/io/netty/netty-resolver-dns/4.1.53.Final/netty-resolver-dns-4.1.53.Final.jar:/Users/muken/.m2/repository/io/netty/netty-codec-dns/4.1.53.Final/netty-codec-dns-4.1.53.Final.jar:/Users/muken/.m2/repository/io/projectreactor/netty/reactor-netty-core/1.0.0/reactor-netty-core-1.0.0.jar:/Users/muken/.m2/repository/io/projectreactor/netty/reactor-netty/1.0.0/reactor-netty-1.0.0.jar:/Users/muken/.m2/repository/io/projectreactor/netty/reactor-netty-http-brave/1.0.0/reactor-netty-http-brave-1.0.0.jar:/Users/muken/.m2/repository/io/zipkin/brave/brave-instrumentation-http/5.12.7/brave-instrumentation-http-5.12.7.jar:/Users/muken/.m2/repository/io/zipkin/brave/brave/5.12.7/brave-5.12.7.jar:/Users/muken/.m2/repository/io/zipkin/reporter2/zipkin-reporter-brave/2.15.2/zipkin-reporter-brave-2.15.2.jar:/Users/muken/.m2/repository/io/zipkin/reporter2/zipkin-reporter/2.15.2/zipkin-reporter-2.15.2.jar:/Users/muken/.m2/repository/io/zipkin/zipkin2/zipkin/2.21.7/zipkin-2.21.7.jar:/Users/muken/.m2/repository/io/projectreactor/reactor-core/3.4.0/reactor-core-3.4.0.jar:/Users/muken/.m2/repository/net/bytebuddy/byte-buddy/1.10.18/byte-buddy-1.10.18.jar:/Users/muken/.m2/repository/org/apache/commons/commons-exec/1.3/commons-exec-1.3.jar:/Users/muken/.m2/repository/org/asynchttpclient/async-http-client/2.12.1/async-http-client-2.12.1.jar:/Users/muken/.m2/repository/org/asynchttpclient/async-http-client-netty-utils/2.12.1/async-http-client-netty-utils-2.12.1.jar:/Users/muken/.m2/repository/io/netty/netty-codec-socks/4.1.48.Final/netty-codec-socks-4.1.48.Final.jar:/Users/muken/.m2/repository/io/netty/netty-handler-proxy/4.1.48.Final/netty-handler-proxy-4.1.48.Final.jar:/Users/muken/.m2/repository/com/sun/activation/javax.activation/1.2.0/javax.activation-1.2.0.jar:/Users/muken/.m2/repository/org/seleniumhq/selenium/selenium-http/4.0.0-alpha-7/selenium-http-4.0.0-alpha-7.jar:/Users/muken/.m2/repository/org/seleniumhq/selenium/selenium-json/4.0.0-alpha-7/selenium-json-4.0.0-alpha-7.jar:/Users/muken/.m2/repository/org/seleniumhq/selenium/selenium-chrome-driver/4.0.0-alpha-7/selenium-chrome-driver-4.0.0-alpha-7.jar:/Users/muken/.m2/repository/org/seleniumhq/selenium/selenium-chromium-driver/4.0.0-alpha-7/selenium-chromium-driver-4.0.0-alpha-7.jar:/Users/muken/.m2/repository/org/seleniumhq/selenium/selenium-devtools/4.0.0-alpha-7/selenium-devtools-4.0.0-alpha-7.jar:/Users/muken/.m2/repository/commons-io/commons-io/2.7/commons-io-2.7.jar:/Users/muken/.m2/repository/io/appium/java-client/7.3.0/java-client-7.3.0.jar:/Users/muken/.m2/repository/com/google/code/gson/gson/2.8.5/gson-2.8.5.jar:/Users/muken/.m2/repository/org/apache/httpcomponents/httpclient/4.5.9/httpclient-4.5.9.jar:/Users/muken/.m2/repository/org/apache/httpcomponents/httpcore/4.4.11/httpcore-4.4.11.jar:/Users/muken/.m2/repository/commons-logging/commons-logging/1.2/commons-logging-1.2.jar:/Users/muken/.m2/repository/commons-codec/commons-codec/1.11/commons-codec-1.11.jar:/Users/muken/.m2/repository/cglib/cglib/3.2.12/cglib-3.2.12.jar:/Users/muken/.m2/repository/org/ow2/asm/asm/7.1/asm-7.1.jar:/Users/muken/.m2/repository/commons-validator/commons-validator/1.6/commons-validator-1.6.jar:/Users/muken/.m2/repository/commons-beanutils/commons-beanutils/1.9.2/commons-beanutils-1.9.2.jar:/Users/muken/.m2/repository/commons-digester/commons-digester/1.8.1/commons-digester-1.8.1.jar:/Users/muken/.m2/repository/commons-collections/commons-collections/3.2.2/commons-collections-3.2.2.jar:/Users/muken/.m2/repository/org/apache/commons/commons-lang3/3.9/commons-lang3-3.9.jar:/Users/muken/.m2/repository/org/springframework/spring-context/5.1.8.RELEASE/spring-context-5.1.8.RELEASE.jar:/Users/muken/.m2/repository/org/springframework/spring-aop/5.1.8.RELEASE/spring-aop-5.1.8.RELEASE.jar:/Users/muken/.m2/repository/org/springframework/spring-beans/5.1.8.RELEASE/spring-beans-5.1.8.RELEASE.jar:/Users/muken/.m2/repository/org/springframework/spring-core/5.1.8.RELEASE/spring-core-5.1.8.RELEASE.jar:/Users/muken/.m2/repository/org/springframework/spring-jcl/5.1.8.RELEASE/spring-jcl-5.1.8.RELEASE.jar:/Users/muken/.m2/repository/org/springframework/spring-expression/5.1.8.RELEASE/spring-expression-5.1.8.RELEASE.jar:/Users/muken/.m2/repository/org/aspectj/aspectjweaver/1.9.4/aspectjweaver-1.9.4.jar:/Users/muken/.m2/repository/org/slf4j/slf4j-api/1.7.26/slf4j-api-1.7.26.jar:/Users/muken/.m2/repository/com/googlecode/json-simple/json-simple/1.1.1/json-simple-1.1.1.jar:/Users/muken/.m2/repository/junit/junit/4.10/junit-4.10.jar:/Users/muken/.m2/repository/org/hamcrest/hamcrest-core/1.1/hamcrest-core-1.1.jar:/Users/muken/.m2/repository/org/testng/testng/7.1.0/testng-7.1.0.jar:/Users/muken/.m2/repository/com/beust/jcommander/1.72/jcommander-1.72.jar:/Users/muken/.m2/repository/com/google/inject/guice/4.1.0/guice-4.1.0-no_aop.jar:/Users/muken/.m2/repository/javax/inject/javax.inject/1/javax.inject-1.jar:/Users/muken/.m2/repository/aopalliance/aopalliance/1.0/aopalliance-1.0.jar:/Users/muken/.m2/repository/org/yaml/snakeyaml/1.21/snakeyaml-1.21.jar:/Users/muken/.m2/repository/log4j/log4j/1.2.17/log4j-1.2.17.jar:"/>
    <property name="java.vm.vendor" value="Oracle Corporation"/>
    <property name="sun.arch.data.model" value="64"/>
    <property name="java.vendor.url" value="https://java.oracle.com/"/>
    <property name="os.name" value="Mac OS X"/>
    <property name="java.vm.specification.version" value="15"/>
    <property name="sun.java.launcher" value="SUN_STANDARD"/>
    <property name="user.country" value="FR"/>
    <property name="sun.boot.library.path" value="/Users/muken/.p2/pool/plugins/org.eclipse.justj.openjdk.hotspot.jre.full.macosx.x86_64_15.0.2.v20210201-0955/jre/lib"/>
    <property name="sun.java.command" value="/Users/muken/eclipse-workspace/hivency_autotest/target/surefire/surefirebooter1847926970208966015.jar /Users/muken/eclipse-workspace/hivency_autotest/target/surefire 2021-04-15T09-30-02_985-jvmRun1 surefire15111951664088656116tmp surefire_05554246500622112377tmp"/>
    <property name="http.nonProxyHosts" value="local|*.local|169.254/16|*.169.254/16"/>
    <property name="jdk.debug" value="release"/>
    <property name="surefire.test.class.path" value="/Users/muken/eclipse-workspace/hivency_autotest/target/test-classes:/Users/muken/eclipse-workspace/hivency_autotest/target/classes:/Users/muken/.m2/repository/org/seleniumhq/selenium/selenium-java/4.0.0-alpha-7/selenium-java-4.0.0-alpha-7.jar:/Users/muken/.m2/repository/org/seleniumhq/selenium/selenium-api/4.0.0-alpha-7/selenium-api-4.0.0-alpha-7.jar:/Users/muken/.m2/repository/org/seleniumhq/selenium/selenium-devtools-v84/4.0.0-alpha-7/selenium-devtools-v84-4.0.0-alpha-7.jar:/Users/muken/.m2/repository/org/seleniumhq/selenium/selenium-devtools-v85/4.0.0-alpha-7/selenium-devtools-v85-4.0.0-alpha-7.jar:/Users/muken/.m2/repository/org/seleniumhq/selenium/selenium-devtools-v86/4.0.0-alpha-7/selenium-devtools-v86-4.0.0-alpha-7.jar:/Users/muken/.m2/repository/org/seleniumhq/selenium/selenium-devtools-v87/4.0.0-alpha-7/selenium-devtools-v87-4.0.0-alpha-7.jar:/Users/muken/.m2/repository/org/seleniumhq/selenium/selenium-edge-driver/4.0.0-alpha-7/selenium-edge-driver-4.0.0-alpha-7.jar:/Users/muken/.m2/repository/org/seleniumhq/selenium/selenium-edgehtml-driver/4.0.0-alpha-7/selenium-edgehtml-driver-4.0.0-alpha-7.jar:/Users/muken/.m2/repository/org/seleniumhq/selenium/selenium-firefox-driver/4.0.0-alpha-7/selenium-firefox-driver-4.0.0-alpha-7.jar:/Users/muken/.m2/repository/org/seleniumhq/selenium/selenium-firefox-xpi-driver/4.0.0-alpha-7/selenium-firefox-xpi-driver-4.0.0-alpha-7.jar:/Users/muken/.m2/repository/org/seleniumhq/selenium/selenium-ie-driver/4.0.0-alpha-7/selenium-ie-driver-4.0.0-alpha-7.jar:/Users/muken/.m2/repository/org/seleniumhq/selenium/selenium-opera-driver/4.0.0-alpha-7/selenium-opera-driver-4.0.0-alpha-7.jar:/Users/muken/.m2/repository/org/seleniumhq/selenium/selenium-safari-driver/4.0.0-alpha-7/selenium-safari-driver-4.0.0-alpha-7.jar:/Users/muken/.m2/repository/org/seleniumhq/selenium/selenium-support/4.0.0-alpha-7/selenium-support-4.0.0-alpha-7.jar:/Users/muken/.m2/repository/org/seleniumhq/selenium/selenium-remote-driver/4.0.0-alpha-7/selenium-remote-driver-4.0.0-alpha-7.jar:/Users/muken/.m2/repository/com/google/auto/service/auto-service-annotations/1.0-rc7/auto-service-annotations-1.0-rc7.jar:/Users/muken/.m2/repository/com/google/auto/service/auto-service/1.0-rc7/auto-service-1.0-rc7.jar:/Users/muken/.m2/repository/com/google/auto/auto-common/0.10/auto-common-0.10.jar:/Users/muken/.m2/repository/com/google/guava/guava/30.0-jre/guava-30.0-jre.jar:/Users/muken/.m2/repository/com/google/guava/failureaccess/1.0.1/failureaccess-1.0.1.jar:/Users/muken/.m2/repository/com/google/guava/listenablefuture/9999.0-empty-to-avoid-conflict-with-guava/listenablefuture-9999.0-empty-to-avoid-conflict-with-guava.jar:/Users/muken/.m2/repository/com/google/code/findbugs/jsr305/3.0.2/jsr305-3.0.2.jar:/Users/muken/.m2/repository/org/checkerframework/checker-qual/3.5.0/checker-qual-3.5.0.jar:/Users/muken/.m2/repository/com/google/errorprone/error_prone_annotations/2.3.4/error_prone_annotations-2.3.4.jar:/Users/muken/.m2/repository/com/google/j2objc/j2objc-annotations/1.3/j2objc-annotations-1.3.jar:/Users/muken/.m2/repository/com/typesafe/netty/netty-reactive-streams/2.0.4/netty-reactive-streams-2.0.4.jar:/Users/muken/.m2/repository/io/netty/netty-handler/4.1.43.Final/netty-handler-4.1.43.Final.jar:/Users/muken/.m2/repository/org/reactivestreams/reactive-streams/1.0.3/reactive-streams-1.0.3.jar:/Users/muken/.m2/repository/io/grpc/grpc-context/1.32.1/grpc-context-1.32.1.jar:/Users/muken/.m2/repository/io/netty/netty-buffer/4.1.53.Final/netty-buffer-4.1.53.Final.jar:/Users/muken/.m2/repository/io/netty/netty-codec-http/4.1.53.Final/netty-codec-http-4.1.53.Final.jar:/Users/muken/.m2/repository/io/netty/netty-codec/4.1.53.Final/netty-codec-4.1.53.Final.jar:/Users/muken/.m2/repository/io/netty/netty-common/4.1.53.Final/netty-common-4.1.53.Final.jar:/Users/muken/.m2/repository/io/netty/netty-transport-native-epoll/4.1.53.Final/netty-transport-native-epoll-4.1.53.Final.jar:/Users/muken/.m2/repository/io/netty/netty-transport-native-epoll/4.1.53.Final/netty-transport-native-epoll-4.1.53.Final-linux-x86_64.jar:/Users/muken/.m2/repository/io/netty/netty-transport-native-kqueue/4.1.53.Final/netty-transport-native-kqueue-4.1.53.Final.jar:/Users/muken/.m2/repository/io/netty/netty-transport-native-kqueue/4.1.53.Final/netty-transport-native-kqueue-4.1.53.Final-osx-x86_64.jar:/Users/muken/.m2/repository/io/netty/netty-transport-native-unix-common/4.1.53.Final/netty-transport-native-unix-common-4.1.53.Final.jar:/Users/muken/.m2/repository/io/netty/netty-transport/4.1.53.Final/netty-transport-4.1.53.Final.jar:/Users/muken/.m2/repository/io/netty/netty-resolver/4.1.53.Final/netty-resolver-4.1.53.Final.jar:/Users/muken/.m2/repository/io/opentelemetry/opentelemetry-api/0.9.1/opentelemetry-api-0.9.1.jar:/Users/muken/.m2/repository/io/opentelemetry/opentelemetry-context-prop/0.9.1/opentelemetry-context-prop-0.9.1.jar:/Users/muken/.m2/repository/io/opentelemetry/opentelemetry-sdk/0.9.1/opentelemetry-sdk-0.9.1.jar:/Users/muken/.m2/repository/io/opentelemetry/opentelemetry-sdk-common/0.9.1/opentelemetry-sdk-common-0.9.1.jar:/Users/muken/.m2/repository/io/opentelemetry/opentelemetry-sdk-baggage/0.9.1/opentelemetry-sdk-baggage-0.9.1.jar:/Users/muken/.m2/repository/io/opentelemetry/opentelemetry-sdk-metrics/0.9.1/opentelemetry-sdk-metrics-0.9.1.jar:/Users/muken/.m2/repository/io/opentelemetry/opentelemetry-sdk-tracing/0.9.1/opentelemetry-sdk-tracing-0.9.1.jar:/Users/muken/.m2/repository/io/projectreactor/netty/reactor-netty-http/1.0.0/reactor-netty-http-1.0.0.jar:/Users/muken/.m2/repository/io/netty/netty-codec-http2/4.1.53.Final/netty-codec-http2-4.1.53.Final.jar:/Users/muken/.m2/repository/io/netty/netty-resolver-dns/4.1.53.Final/netty-resolver-dns-4.1.53.Final.jar:/Users/muken/.m2/repository/io/netty/netty-codec-dns/4.1.53.Final/netty-codec-dns-4.1.53.Final.jar:/Users/muken/.m2/repository/io/projectreactor/netty/reactor-netty-core/1.0.0/reactor-netty-core-1.0.0.jar:/Users/muken/.m2/repository/io/projectreactor/netty/reactor-netty/1.0.0/reactor-netty-1.0.0.jar:/Users/muken/.m2/repository/io/projectreactor/netty/reactor-netty-http-brave/1.0.0/reactor-netty-http-brave-1.0.0.jar:/Users/muken/.m2/repository/io/zipkin/brave/brave-instrumentation-http/5.12.7/brave-instrumentation-http-5.12.7.jar:/Users/muken/.m2/repository/io/zipkin/brave/brave/5.12.7/brave-5.12.7.jar:/Users/muken/.m2/repository/io/zipkin/reporter2/zipkin-reporter-brave/2.15.2/zipkin-reporter-brave-2.15.2.jar:/Users/muken/.m2/repository/io/zipkin/reporter2/zipkin-reporter/2.15.2/zipkin-reporter-2.15.2.jar:/Users/muken/.m2/repository/io/zipkin/zipkin2/zipkin/2.21.7/zipkin-2.21.7.jar:/Users/muken/.m2/repository/io/projectreactor/reactor-core/3.4.0/reactor-core-3.4.0.jar:/Users/muken/.m2/repository/net/bytebuddy/byte-buddy/1.10.18/byte-buddy-1.10.18.jar:/Users/muken/.m2/repository/org/apache/commons/commons-exec/1.3/commons-exec-1.3.jar:/Users/muken/.m2/repository/org/asynchttpclient/async-http-client/2.12.1/async-http-client-2.12.1.jar:/Users/muken/.m2/repository/org/asynchttpclient/async-http-client-netty-utils/2.12.1/async-http-client-netty-utils-2.12.1.jar:/Users/muken/.m2/repository/io/netty/netty-codec-socks/4.1.48.Final/netty-codec-socks-4.1.48.Final.jar:/Users/muken/.m2/repository/io/netty/netty-handler-proxy/4.1.48.Final/netty-handler-proxy-4.1.48.Final.jar:/Users/muken/.m2/repository/com/sun/activation/javax.activation/1.2.0/javax.activation-1.2.0.jar:/Users/muken/.m2/repository/org/seleniumhq/selenium/selenium-http/4.0.0-alpha-7/selenium-http-4.0.0-alpha-7.jar:/Users/muken/.m2/repository/org/seleniumhq/selenium/selenium-json/4.0.0-alpha-7/selenium-json-4.0.0-alpha-7.jar:/Users/muken/.m2/repository/org/seleniumhq/selenium/selenium-chrome-driver/4.0.0-alpha-7/selenium-chrome-driver-4.0.0-alpha-7.jar:/Users/muken/.m2/repository/org/seleniumhq/selenium/selenium-chromium-driver/4.0.0-alpha-7/selenium-chromium-driver-4.0.0-alpha-7.jar:/Users/muken/.m2/repository/org/seleniumhq/selenium/selenium-devtools/4.0.0-alpha-7/selenium-devtools-4.0.0-alpha-7.jar:/Users/muken/.m2/repository/commons-io/commons-io/2.7/commons-io-2.7.jar:/Users/muken/.m2/repository/io/appium/java-client/7.3.0/java-client-7.3.0.jar:/Users/muken/.m2/repository/com/google/code/gson/gson/2.8.5/gson-2.8.5.jar:/Users/muken/.m2/repository/org/apache/httpcomponents/httpclient/4.5.9/httpclient-4.5.9.jar:/Users/muken/.m2/repository/org/apache/httpcomponents/httpcore/4.4.11/httpcore-4.4.11.jar:/Users/muken/.m2/repository/commons-logging/commons-logging/1.2/commons-logging-1.2.jar:/Users/muken/.m2/repository/commons-codec/commons-codec/1.11/commons-codec-1.11.jar:/Users/muken/.m2/repository/cglib/cglib/3.2.12/cglib-3.2.12.jar:/Users/muken/.m2/repository/org/ow2/asm/asm/7.1/asm-7.1.jar:/Users/muken/.m2/repository/commons-validator/commons-validator/1.6/commons-validator-1.6.jar:/Users/muken/.m2/repository/commons-beanutils/commons-beanutils/1.9.2/commons-beanutils-1.9.2.jar:/Users/muken/.m2/repository/commons-digester/commons-digester/1.8.1/commons-digester-1.8.1.jar:/Users/muken/.m2/repository/commons-collections/commons-collections/3.2.2/commons-collections-3.2.2.jar:/Users/muken/.m2/repository/org/apache/commons/commons-lang3/3.9/commons-lang3-3.9.jar:/Users/muken/.m2/repository/org/springframework/spring-context/5.1.8.RELEASE/spring-context-5.1.8.RELEASE.jar:/Users/muken/.m2/repository/org/springframework/spring-aop/5.1.8.RELEASE/spring-aop-5.1.8.RELEASE.jar:/Users/muken/.m2/repository/org/springframework/spring-beans/5.1.8.RELEASE/spring-beans-5.1.8.RELEASE.jar:/Users/muken/.m2/repository/org/springframework/spring-core/5.1.8.RELEASE/spring-core-5.1.8.RELEASE.jar:/Users/muken/.m2/repository/org/springframework/spring-jcl/5.1.8.RELEASE/spring-jcl-5.1.8.RELEASE.jar:/Users/muken/.m2/repository/org/springframework/spring-expression/5.1.8.RELEASE/spring-expression-5.1.8.RELEASE.jar:/Users/muken/.m2/repository/org/aspectj/aspectjweaver/1.9.4/aspectjweaver-1.9.4.jar:/Users/muken/.m2/repository/org/slf4j/slf4j-api/1.7.26/slf4j-api-1.7.26.jar:/Users/muken/.m2/repository/com/googlecode/json-simple/json-simple/1.1.1/json-simple-1.1.1.jar:/Users/muken/.m2/repository/junit/junit/4.10/junit-4.10.jar:/Users/muken/.m2/repository/org/hamcrest/hamcrest-core/1.1/hamcrest-core-1.1.jar:/Users/muken/.m2/repository/org/testng/testng/7.1.0/testng-7.1.0.jar:/Users/muken/.m2/repository/com/beust/jcommander/1.72/jcommander-1.72.jar:/Users/muken/.m2/repository/com/google/inject/guice/4.1.0/guice-4.1.0-no_aop.jar:/Users/muken/.m2/repository/javax/inject/javax.inject/1/javax.inject-1.jar:/Users/muken/.m2/repository/aopalliance/aopalliance/1.0/aopalliance-1.0.jar:/Users/muken/.m2/repository/org/yaml/snakeyaml/1.21/snakeyaml-1.21.jar:/Users/muken/.m2/repository/log4j/log4j/1.2.17/log4j-1.2.17.jar:"/>
    <property name="sun.cpu.endian" value="little"/>
    <property name="user.home" value="/Users/muken"/>
    <property name="user.language" value="fr"/>
    <property name="java.specification.vendor" value="Oracle Corporation"/>
    <property name="java.version.date" value="2021-01-19"/>
    <property name="java.home" value="/Users/muken/.p2/pool/plugins/org.eclipse.justj.openjdk.hotspot.jre.full.macosx.x86_64_15.0.2.v20210201-0955/jre"/>
    <property name="file.separator" value="/"/>
    <property name="basedir" value="/Users/muken/eclipse-workspace/hivency_autotest"/>
    <property name="java.vm.compressedOopsMode" value="Zero based"/>
    <property name="line.separator" value="&#10;"/>
    <property name="java.specification.name" value="Java Platform API Specification"/>
    <property name="java.vm.specification.vendor" value="Oracle Corporation"/>
    <property name="surefire.real.class.path" value="/Users/muken/eclipse-workspace/hivency_autotest/target/surefire/surefirebooter1847926970208966015.jar"/>
    <property name="sun.management.compiler" value="HotSpot 64-Bit Tiered Compilers"/>
    <property name="ftp.nonProxyHosts" value="local|*.local|169.254/16|*.169.254/16"/>
    <property name="java.runtime.version" value="15.0.2+7-27"/>
    <property name="user.name" value="muken"/>
    <property name="path.separator" value=":"/>
    <property name="os.version" value="10.16"/>
    <property name="java.runtime.name" value="OpenJDK Runtime Environment"/>
    <property name="file.encoding" value="UTF-8"/>
    <property name="java.vm.name" value="OpenJDK 64-Bit Server VM"/>
    <property name="localRepository" value="/Users/muken/.m2/repository"/>
    <property name="java.vendor.url.bug" value="https://bugreport.java.com/bugreport/"/>
    <property name="java.io.tmpdir" value="/var/folders/mk/3dwrjfrn6m1cz7trd64vgl8m0000gp/T/"/>
    <property name="java.version" value="15.0.2"/>
    <property name="user.dir" value="/Users/muken/eclipse-workspace/hivency_autotest"/>
    <property name="os.arch" value="x86_64"/>
    <property name="java.vm.specification.name" value="Java Virtual Machine Specification"/>
    <property name="java.library.path" value="/Users/muken/Library/Java/Extensions:/Library/Java/Extensions:/Network/Library/Java/Extensions:/System/Library/Java/Extensions:/usr/lib/java:."/>
    <property name="java.vm.info" value="mixed mode"/>
    <property name="java.vendor" value="Oracle Corporation"/>
    <property name="java.vm.version" value="15.0.2+7-27"/>
    <property name="sun.io.unicode.encoding" value="UnicodeBig"/>
    <property name="socksNonProxyHosts" value="local|*.local|169.254/16|*.169.254/16"/>
    <property name="java.class.version" value="59.0"/>
  </properties>
</testsuite>