<?xml version="1.0" encoding="UTF-8"?>
<!-- Generated by org.testng.reporters.JUnitReportReporter -->
<testsuite hostname="GHISLAIN-LAPTOP" failures="0" tests="1" name="autotest.automate.webapp.brand.testcases.BrandLogin" time="5.420" errors="0" timestamp="2021-04-25T19:57:36 CEST" skipped="0">
  <testcase classname="autotest.automate.webapp.brand.testcases.BrandLogin" name="createCampaign" time="5.420"/>
  <system-out/>
</testsuite> <!-- autotest.automate.webapp.brand.testcases.BrandLogin -->
