<?xml version="1.0" encoding="UTF-8"?>
<!-- Generated by org.testng.reporters.JUnitReportReporter -->
<testsuite hostname="DESKTOP-AULP9EK" failures="0" tests="1" name="autotest.automate.webapp.brand.testcases.CampaignCreation" time="56.106" errors="0" timestamp="2021-04-12T14:28:34 CEST" skipped="0">
  <testcase classname="autotest.automate.webapp.brand.testcases.CampaignCreation" name="createReviewCampaign" time="56.106"/>
  <system-out/>
</testsuite> <!-- autotest.automate.webapp.brand.testcases.CampaignCreation -->
