<?xml version="1.0" encoding="UTF-8"?>
<!-- Generated by org.testng.reporters.JUnitReportReporter -->
<testsuite hostname="GHISLAIN-LAPTOP" failures="0" tests="1" name="autotest.automate.webapp.brand.testcases.CampaignCreation" time="64.620" errors="0" timestamp="2021-04-25T16:01:07 CEST" skipped="0">
  <testcase classname="autotest.automate.webapp.brand.testcases.CampaignCreation" name="createReviewCampaign" time="64.620"/>
  <system-out/>
</testsuite> <!-- autotest.automate.webapp.brand.testcases.CampaignCreation -->
