<?xml version="1.0" encoding="UTF-8"?>
<!-- Generated by org.testng.reporters.JUnitReportReporter -->
<testsuite hostname="DESKTOP-AULP9EK" failures="0" tests="1" name="autotest.automate.webapp.influencer.testcases.Registration" time="19.151" errors="0" timestamp="2021-04-12T13:42:41 CEST" skipped="0">
  <testcase classname="autotest.automate.webapp.influencer.testcases.Registration" name="inscription" time="19.151"/>
  <system-out/>
</testsuite> <!-- autotest.automate.webapp.influencer.testcases.Registration -->
