<?xml version="1.0" encoding="UTF-8"?>
<!-- Generated by org.testng.reporters.JUnitReportReporter -->
<testsuite hostname="GHISLAIN-LAPTOP" failures="0" tests="1" name="autotest.automate.webapp.brand.testcases.CampaignCreation" time="15.089" errors="0" timestamp="2021-05-15T17:16:34 CEST" skipped="0">
  <testcase classname="autotest.automate.webapp.brand.testcases.CampaignCreation" name="closeCampaign" time="15.089"/>
  <system-out/>
</testsuite> <!-- autotest.automate.webapp.brand.testcases.CampaignCreation -->
